\BOOKMARK [0][-]{section*.1}{\376\377\000D\000e\000c\000l\000a\000r\000a\000t\000i\000o\000n\000\040\000o\000f\000\040\000A\000u\000t\000h\000o\000r\000s\000h\000i\000p}{}% 1
\BOOKMARK [0][-]{section*.2}{\376\377\000A\000b\000s\000t\000r\000a\000c\000t}{}% 2
\BOOKMARK [0][-]{section*.3}{\376\377\000A\000c\000k\000n\000o\000w\000l\000e\000d\000g\000e\000m\000e\000n\000t\000s}{}% 3
\BOOKMARK [0][-]{chapter.7}{\376\377\000I\000n\000t\000r\000o\000d\000u\000c\000t\000i\000o\000n}{}% 4
\BOOKMARK [1][-]{section.8}{\376\377\000A\000\040\000s\000t\000a\000t\000e\000m\000e\000n\000t\000\040\000o\000f\000\040\000t\000h\000e\000\040\000p\000r\000o\000b\000l\000e\000m}{chapter.7}% 5
\BOOKMARK [0][-]{chapter.9}{\376\377\000B\000a\000c\000k\000g\000r\000o\000u\000n\000d\000\040\000i\000n\000f\000o\000r\000m\000a\000t\000i\000o\000n}{}% 6
\BOOKMARK [1][-]{section.10}{\376\377\000O\000v\000e\000r\000v\000i\000e\000w\000\040\000o\000f\000\040\000r\000e\000c\000o\000m\000m\000e\000n\000d\000e\000r\000\040\000s\000y\000s\000t\000e\000m\000s}{chapter.9}% 7
\BOOKMARK [2][-]{subsection.11}{\376\377\000C\000o\000l\000l\000a\000b\000o\000r\000a\000t\000i\000v\000e\000\040\000r\000e\000c\000o\000m\000m\000e\000n\000d\000a\000t\000i\000o\000n}{section.10}% 8
\BOOKMARK [3][-]{subsubsection.12}{\376\377\000U\000s\000e\000r\000-\000b\000a\000s\000e\000d\000\040\000n\000e\000a\000r\000e\000s\000t\000\040\000n\000e\000i\000g\000h\000b\000o\000r\000\040\000r\000e\000c\000o\000m\000m\000e\000n\000d\000a\000t\000i\000o\000n}{subsection.11}% 9
\BOOKMARK [3][-]{subsubsection.16}{\376\377\000I\000t\000e\000m\000-\000b\000a\000s\000e\000d\000\040\000n\000e\000a\000r\000e\000s\000t\000\040\000n\000e\000i\000g\000h\000b\000o\000r\000\040\000r\000e\000c\000o\000m\000m\000e\000n\000d\000a\000t\000i\000o\000n}{subsection.11}% 10
\BOOKMARK [3][-]{subsubsection.17}{\376\377\000M\000a\000t\000r\000i\000x\000\040\000f\000a\000c\000t\000o\000r\000i\000z\000a\000t\000i\000o\000n\000/\000\040\000l\000a\000t\000e\000n\000t\000\040\000f\000a\000c\000t\000o\000r\000\040\000m\000o\000d\000e\000l}{subsection.11}% 11
\BOOKMARK [2][-]{subsection.20}{\376\377\000C\000o\000n\000t\000e\000n\000t\000-\000b\000a\000s\000e\000d\000\040\000r\000e\000c\000o\000m\000m\000e\000n\000d\000a\000t\000i\000o\000n}{section.10}% 12
\BOOKMARK [3][-]{subsubsection.22}{\376\377\000F\000e\000a\000t\000u\000r\000e\000\040\000e\000x\000t\000r\000a\000c\000t\000i\000o\000n}{subsection.20}% 13
\BOOKMARK [2][-]{subsection.27}{\376\377\000H\000y\000b\000r\000i\000d\000\040\000r\000e\000c\000o\000m\000m\000e\000n\000d\000a\000t\000i\000o\000n}{section.10}% 14
\BOOKMARK [3][-]{subsubsection.31}{\376\377\000M\000o\000n\000o\000l\000i\000t\000h\000i\000c\000\040\000h\000y\000b\000r\000i\000d\000i\000z\000a\000t\000i\000o\000n\000\040\000d\000e\000s\000i\000g\000n}{subsection.27}% 15
\BOOKMARK [3][-]{subsubsection.32}{\376\377\000P\000a\000r\000a\000l\000l\000e\000l\000i\000z\000e\000d\000\040\000h\000y\000b\000r\000i\000d\000i\000z\000a\000t\000i\000o\000n\000\040\000d\000e\000s\000i\000g\000n}{subsection.27}% 16
\BOOKMARK [3][-]{subsubsection.33}{\376\377\000P\000i\000p\000e\000l\000i\000n\000e\000d\000\040\000h\000y\000b\000r\000i\000d\000i\000z\000a\000t\000i\000o\000n\000\040\000d\000e\000s\000i\000g\000n}{subsection.27}% 17
\BOOKMARK [2][-]{subsection.34}{\376\377\000O\000t\000h\000e\000r\000\040\000k\000i\000n\000d\000\040\000o\000f\000\040\000r\000e\000c\000o\000m\000m\000e\000n\000d\000a\000t\000i\000o\000n}{section.10}% 18
\BOOKMARK [1][-]{section.35}{\376\377\000O\000v\000e\000r\000v\000i\000e\000w\000\040\000o\000f\000\040\000m\000u\000s\000i\000c\000\040\000r\000e\000c\000o\000m\000m\000e\000n\000d\000e\000r\000\040\000s\000y\000s\000t\000e\000m\000s}{chapter.9}% 19
\BOOKMARK [2][-]{subsection.36}{\376\377\000C\000o\000n\000t\000e\000n\000t\000-\000B\000a\000s\000e\000d\000\040\000M\000u\000s\000i\000c\000\040\000R\000e\000c\000o\000m\000m\000e\000n\000d\000a\000t\000i\000o\000n}{section.35}% 20
\BOOKMARK [3][-]{subsubsection.37}{\376\377\000M\000e\000t\000a\000d\000a\000t\000a\000\040\000c\000o\000n\000t\000e\000n\000t}{subsection.36}% 21
\BOOKMARK [3][-]{subsubsection.41}{\376\377\000A\000u\000d\000i\000o\000\040\000c\000o\000n\000t\000e\000n\000t}{subsection.36}% 22
\BOOKMARK [2][-]{subsection.44}{\376\377\000C\000o\000n\000t\000e\000x\000t\000u\000a\000l\000\040\000M\000u\000s\000i\000c\000\040\000R\000e\000c\000o\000m\000m\000e\000n\000d\000a\000t\000i\000o\000n}{section.35}% 23
\BOOKMARK [3][-]{subsubsection.45}{\376\377\000E\000n\000v\000i\000r\000o\000n\000m\000e\000n\000t\000-\000R\000e\000l\000a\000t\000e\000d\000\040\000C\000o\000n\000t\000e\000x\000t}{subsection.44}% 24
\BOOKMARK [3][-]{subsubsection.46}{\376\377\000U\000s\000e\000r\000-\000R\000e\000l\000a\000t\000e\000d\000\040\000C\000o\000n\000t\000e\000x\000t}{subsection.44}% 25
\BOOKMARK [2][-]{subsection.47}{\376\377\000H\000y\000b\000r\000i\000d\000\040\000m\000u\000s\000i\000c\000\040\000r\000e\000c\000o\000m\000m\000e\000n\000d\000a\000t\000i\000o\000n}{section.35}% 26
\BOOKMARK [3][-]{subsubsection.48}{\376\377\000H\000y\000b\000r\000i\000d\000\040\000d\000e\000s\000i\000g\000n\000s\000\040\000c\000o\000m\000b\000i\000n\000i\000n\000g\000\040\000c\000o\000n\000t\000e\000n\000t\000\040\000a\000n\000d\000\040\000c\000o\000n\000t\000e\000x\000t\000\040\000i\000n\000f\000o\000r\000m\000a\000t\000i\000o\000n}{subsection.47}% 27
\BOOKMARK [3][-]{subsubsection.49}{\376\377\000H\000y\000b\000r\000i\000d\000\040\000d\000e\000s\000i\000g\000n\000s\000\040\000c\000o\000m\000b\000i\000n\000i\000n\000g\000\040\000c\000o\000l\000l\000a\000b\000o\000r\000a\000t\000i\000v\000e\000\040\000f\000i\000l\000t\000e\000r\000i\000n\000g\000\040\000a\000n\000d\000\040\000c\000o\000n\000t\000e\000n\000t\000\040\000i\000n\000f\000o\000r\000m\000a\000t\000i\000o\000n}{subsection.47}% 28
\BOOKMARK [3][-]{subsubsection.50}{\376\377\000H\000y\000b\000r\000i\000d\000\040\000d\000e\000s\000i\000g\000n\000s\000\040\000c\000o\000m\000b\000i\000n\000i\000n\000g\000\040\000c\000o\000l\000l\000a\000b\000o\000r\000a\000t\000i\000v\000e\000\040\000f\000i\000l\000t\000e\000r\000i\000n\000g\000\040\000a\000n\000d\000\040\000c\000o\000n\000t\000e\000x\000t\000\040\000i\000n\000f\000o\000r\000m\000a\000t\000i\000o\000n}{subsection.47}% 29
\BOOKMARK [0][-]{appendix*.51}{\376\377\000B\000i\000b\000l\000i\000o\000g\000r\000a\000p\000h\000y}{}% 30
